<?xml version="1.0" encoding="UTF-8"?>
<!-- Generated by org.testng.reporters.JUnitReportReporter -->
<testsuite skipped="0" hostname="P-Gosai-Pc" name="com.crm.qa.testcases.UserPageTest" tests="4" failures="0" timestamp="07 Feb 2020 06:01:29 GMT" time="199.774" errors="0">
  <testcase name="verifyUsersLabel" time="42.746" classname="com.crm.qa.testcases.UserPageTest"/>
  <testcase name="validateCreateNewUser" time="56.435" classname="com.crm.qa.testcases.UserPageTest"/>
  <testcase name="validateUpdateUser" time="50.151" classname="com.crm.qa.testcases.UserPageTest"/>
  <testcase name="validateSearchUser" time="50.442" classname="com.crm.qa.testcases.UserPageTest"/>
</testsuite> <!-- com.crm.qa.testcases.UserPageTest -->
