<?xml version="1.0" encoding="UTF-8"?>
<!-- Generated by org.testng.reporters.JUnitReportReporter -->
<testsuite hostname="ShailendraPC" failures="0" tests="7" name="com.crm.qa.testcases.LoginPageTest" time="118.943" errors="0" timestamp="23 Jun 2020 06:13:44 GMT" skipped="0">
  <testcase classname="com.crm.qa.testcases.LoginPageTest" name="loginPageTitleTest" time="38.917"/>
  <testcase classname="com.crm.qa.testcases.LoginPageTest" name="loginTest" time="12.620"/>
  <testcase classname="com.crm.qa.testcases.LoginPageTest" name="invalidUserName" time="13.653"/>
  <testcase classname="com.crm.qa.testcases.LoginPageTest" name="invalidPassword" time="14.255"/>
  <testcase classname="com.crm.qa.testcases.LoginPageTest" name="invalidLoginCredentails" time="14.527"/>
  <testcase classname="com.crm.qa.testcases.LoginPageTest" name="blankCredentailsForBoth" time="12.650"/>
  <testcase classname="com.crm.qa.testcases.LoginPageTest" name="validCredentailsForBoth" time="12.321"/>
</testsuite> <!-- com.crm.qa.testcases.LoginPageTest -->
